<?xml version="1.0" encoding="UTF-8"?>
<!-- Generated by org.testng.reporters.JUnitXMLReporter -->
<testsuite hostname="Amar" ignored="2" name="Test" tests="10" failures="2" timestamp="2021-08-27T15:58:13 IST" time="221.8" errors="0">
  <testcase name="@AfterMethod logoutVtiger" time="2.068" classname="com.genericutil.BaseClass">
    <failure type="org.openqa.selenium.json.JsonException" message="java.lang.reflect.InvocationTargetException
Build info: version: &amp;apos;3.141.59&amp;apos;, revision: &amp;apos;e82be7d358&amp;apos;, time: &amp;apos;2018-11-14T08:17:03&amp;apos;
System info: host: &amp;apos;AMAR&amp;apos;, ip: &amp;apos;10.10.20.205&amp;apos;, os.name: &amp;apos;Windows 8.1&amp;apos;, os.arch: &amp;apos;amd64&amp;apos;, os.version: &amp;apos;6.3&amp;apos;, java.version: &amp;apos;1.8.0_172&amp;apos;
Driver info: driver.version: RemoteWebDriver">
      <![CDATA[org.openqa.selenium.json.JsonException: java.lang.reflect.InvocationTargetException
Build info: version: '3.141.59', revision: 'e82be7d358', time: '2018-11-14T08:17:03'
System info: host: 'AMAR', ip: '10.10.20.205', os.name: 'Windows 8.1', os.arch: 'amd64', os.version: '6.3', java.version: '1.8.0_172'
Driver info: driver.version: RemoteWebDriver
at org.openqa.selenium.json.JsonOutput.convertUsingMethod(JsonOutput.java:332)
at org.openqa.selenium.json.JsonOutput.lambda$new$16(JsonOutput.java:155)
at org.openqa.selenium.json.JsonOutput.write(JsonOutput.java:264)
at org.openqa.selenium.json.JsonOutput.lambda$null$21(JsonOutput.java:168)
at java.util.LinkedHashMap$LinkedValues.forEach(LinkedHashMap.java:608)
at org.openqa.selenium.json.JsonOutput.lambda$new$22(JsonOutput.java:168)
at org.openqa.selenium.json.JsonOutput.write(JsonOutput.java:264)
at org.openqa.selenium.json.JsonOutput.lambda$null$23(JsonOutput.java:177)
at com.google.common.collect.SingletonImmutableBiMap.forEach(SingletonImmutableBiMap.java:65)
at org.openqa.selenium.json.JsonOutput.lambda$new$24(JsonOutput.java:176)
at org.openqa.selenium.json.JsonOutput.write(JsonOutput.java:264)
at org.openqa.selenium.json.JsonOutput.write(JsonOutput.java:255)
at org.openqa.selenium.json.Json.toJson(Json.java:42)
at org.openqa.selenium.remote.http.AbstractHttpCommandCodec.encode(AbstractHttpCommandCodec.java:227)
at org.openqa.selenium.remote.http.AbstractHttpCommandCodec.encode(AbstractHttpCommandCodec.java:117)
at org.openqa.selenium.remote.HttpCommandExecutor.execute(HttpCommandExecutor.java:152)
at org.openqa.selenium.remote.service.DriverCommandExecutor.execute(DriverCommandExecutor.java:83)
at org.openqa.selenium.remote.RemoteWebDriver.execute(RemoteWebDriver.java:552)
at org.openqa.selenium.remote.RemoteWebDriver.perform(RemoteWebDriver.java:618)
at org.openqa.selenium.interactions.Actions$BuiltAction.perform(Actions.java:639)
at org.openqa.selenium.interactions.Actions.perform(Actions.java:595)
at com.genericutil.WebDriver_Utility.movetoelement(WebDriver_Utility.java:132)
at com.objectrepo.HomePage.logoutfromApp(HomePage.java:51)
at com.genericutil.BaseClass.logoutVtiger(BaseClass.java:92)
at java.util.ArrayList.forEach(ArrayList.java:1257)
Suppressed: org.openqa.selenium.json.JsonException: Attempting to close incomplete json stream
Build info: version: '3.141.59', revision: 'e82be7d358', time: '2018-11-14T08:17:03'
System info: host: 'AMAR', ip: '10.10.20.205', os.name: 'Windows 8.1', os.arch: 'amd64', os.version: '6.3', java.version: '1.8.0_172'
Driver info: driver.version: RemoteWebDriver
at org.openqa.selenium.json.JsonOutput.close(JsonOutput.java:279)
at org.openqa.selenium.json.Json.toJson(Json.java:44)
... 44 more
at org.openqa.selenium.json.JsonOutput.convertUsingMethod(JsonOutput.java:328)
... 56 more
Caused by: org.openqa.selenium.UnhandledAlertException: unexpected alert open: {Alert text : Organization Name Already Exists!}
  (Session info: chrome=92.0.4515.159): Organization Name Already Exists!
Build info: version: '3.141.59', revision: 'e82be7d358', time: '2018-11-14T08:17:03'
System info: host: 'AMAR', ip: '10.10.20.205', os.name: 'Windows 8.1', os.arch: 'amd64', os.version: '6.3', java.version: '1.8.0_172'
Driver info: org.openqa.selenium.chrome.ChromeDriver
Capabilities {acceptInsecureCerts: false, browserName: chrome, browserVersion: 92.0.4515.159, chrome: {chromedriverVersion: 92.0.4515.107 (87a818b10553..., userDataDir: C:\Users\AMAR-G\AppData\Loc...}, goog:chromeOptions: {debuggerAddress: localhost:60560}, javascriptEnabled: true, networkConnectionEnabled: false, pageLoadStrategy: normal, platform: WINDOWS, platformName: WINDOWS, proxy: Proxy(), setWindowRect: true, strictFileInteractability: false, timeouts: {implicit: 0, pageLoad: 300000, script: 30000}, unhandledPromptBehavior: dismiss and notify, webauthn:extension:credBlob: true, webauthn:extension:largeBlob: true, webauthn:virtualAuthenticators: true}
Session ID: 4d38ec8f05503c6ffc30a77eb7c51ad3
*** Element info: {Using=xpath, value=//img[@src='themes/softed/images/user.PNG']}
at org.openqa.selenium.remote.http.W3CHttpResponseCodec.decode(W3CHttpResponseCodec.java:120)
at org.openqa.selenium.remote.http.W3CHttpResponseCodec.decode(W3CHttpResponseCodec.java:49)
at org.openqa.selenium.remote.HttpCommandExecutor.execute(HttpCommandExecutor.java:158)
at org.openqa.selenium.remote.service.DriverCommandExecutor.execute(DriverCommandExecutor.java:83)
at org.openqa.selenium.remote.RemoteWebDriver.execute(RemoteWebDriver.java:552)
at org.openqa.selenium.remote.RemoteWebDriver.findElement(RemoteWebDriver.java:323)
at org.openqa.selenium.remote.RemoteWebDriver.findElementByXPath(RemoteWebDriver.java:428)
at org.openqa.selenium.By$ByXPath.findElement(By.java:353)
at org.openqa.selenium.remote.RemoteWebDriver.findElement(RemoteWebDriver.java:315)
at org.openqa.selenium.support.pagefactory.DefaultElementLocator.findElement(DefaultElementLocator.java:69)
at org.openqa.selenium.support.pagefactory.internal.LocatingElementHandler.invoke(LocatingElementHandler.java:38)
at com.sun.proxy.$Proxy15.getWrappedElement(Unknown Source)
at org.openqa.selenium.interactions.PointerInput$Origin.asArg(PointerInput.java:204)
at org.openqa.selenium.interactions.PointerInput$Move.encode(PointerInput.java:155)
at org.openqa.selenium.interactions.Sequence.encode(Sequence.java:75)
at org.openqa.selenium.interactions.Sequence.toJson(Sequence.java:84)
... 61 more
... Removed 37 stack frames]]>
    </failure>
  </testcase> <!-- @AfterMethod logoutVtiger -->
  <testcase name="@BeforeMethod logintoVtiger" time="-1.63006007326E9" classname="com.genericutil.BaseClass">
    <skipped/>
  </testcase> <!-- @BeforeMethod logintoVtiger -->
  <testcase name="@AfterMethod logoutVtiger" time="-1.63006008252E9" classname="com.genericutil.BaseClass">
    <skipped/>
  </testcase> <!-- @AfterMethod logoutVtiger -->
  <testcase name="@BeforeMethod logintoVtiger" time="-1.630060082522E9" classname="com.genericutil.BaseClass">
    <skipped/>
  </testcase> <!-- @BeforeMethod logintoVtiger -->
  <testcase name="@AfterMethod logoutVtiger" time="-1.63006008361E9" classname="com.genericutil.BaseClass">
    <skipped/>
  </testcase> <!-- @AfterMethod logoutVtiger -->
  <testcase name="@BeforeMethod logintoVtiger" time="-1.630060083617E9" classname="com.genericutil.BaseClass">
    <skipped/>
  </testcase> <!-- @BeforeMethod logintoVtiger -->
  <testcase name="@AfterMethod logoutVtiger" time="-1.630060092141E9" classname="com.genericutil.BaseClass">
    <skipped/>
  </testcase> <!-- @AfterMethod logoutVtiger -->
  <testcase name="@AfterClass closeBrowser" time="-1.630060092156E9" classname="com.genericutil.BaseClass">
    <skipped/>
  </testcase> <!-- @AfterClass closeBrowser -->
  <testcase name="createContact" time="19.174" classname="com.Vtiger.CreateContactTest">
    <skipped/>
  </testcase> <!-- createContact -->
  <testcase name="createContact" time="16.377" classname="com.Vtiger.CreateContactTest">
    <skipped/>
  </testcase> <!-- createContact -->
  <testcase name="createContact" time="15.59" classname="com.Vtiger.CreateContactTest">
    <skipped/>
  </testcase> <!-- createContact -->
  <testcase name="createContact" time="15.266" classname="com.Vtiger.CreateContactTest">
    <failure type="java.lang.AssertionError" message="expected:&amp;lt;false&amp;gt; but was:&amp;lt;true&amp;gt;">
      <![CDATA[java.lang.AssertionError: expected:<false> but was:<true>
at org.junit.Assert.fail(Assert.java:93)
at org.junit.Assert.failNotEquals(Assert.java:647)
at org.junit.Assert.assertEquals(Assert.java:128)
at org.junit.Assert.assertEquals(Assert.java:147)
at com.Vtiger.CreateContactTest.createContact(CreateContactTest.java:32)
at java.util.ArrayList.forEach(ArrayList.java:1257)
... Removed 27 stack frames]]>
    </failure>
  </testcase> <!-- createContact -->
  <testcase name="createContactnew" time="16.776" classname="com.Vtiger.CreateContactTest"/>
  <testcase name="createOrg" time="14.369" classname="com.Vtiger.CreateOrgTest"/>
  <testcase name="createOrg_withDD" time="11.46" classname="com.Vtiger.CreateOrgTest">
    <skipped/>
  </testcase> <!-- createOrg_withDD -->
  <testcase name="createOrg_withDD" time="9.25" classname="com.Vtiger.CreateOrgTest">
    <skipped/>
  </testcase> <!-- createOrg_withDD -->
  <testcase name="createOrg_withDD" time="1.081" classname="com.Vtiger.CreateOrgTest">
    <skipped/>
  </testcase> <!-- createOrg_withDD -->
  <testcase name="createOrg_withDD" time="8.226" classname="com.Vtiger.CreateOrgTest">
    <failure type="java.lang.AssertionError" message="expected [true] but found [false]">
      <![CDATA[java.lang.AssertionError: expected [true] but found [false]
at com.Vtiger.CreateOrgTest.createOrg_withDD(CreateOrgTest.java:75)
at java.util.ArrayList.forEach(ArrayList.java:1257)
... Removed 33 stack frames]]>
    </failure>
  </testcase> <!-- createOrg_withDD -->
  <testcase name="@BeforeSuite setup_JDBC_Report" time="0.0" classname="com.genericutil.BaseClass">
    <ignored/>
  </testcase> <!-- @BeforeSuite setup_JDBC_Report -->
  <testcase name="@AfterSuite close_JDBC_Report" time="0.0" classname="com.genericutil.BaseClass">
    <ignored/>
  </testcase> <!-- @AfterSuite close_JDBC_Report -->
</testsuite> <!-- Test -->
